
File /hdfs/store/user/tmperry/DoubleElectron_FlatPt-1To300/HLT_RECO_74x_25ns_rh/160131_163316/0002/RelVal_HLT2_GRun_MC_2000.root Events 2212
Branch Name | Average Uncompressed Size (Bytes/Event) | Average Compressed Size (Bytes/Event) 
FEDRawDataCollection_rawDataCollector__HLT. 1.05781e+06 579318
SiPixelRecHitedmNewDetSetVector_hltSiPixelRecHits__HLT2. 126227 21813.1
EcalRecHitsSorted_hltEcalRecHit_EcalRecHitsEB_HLT2. 69370.4 19304.1
triggerTriggerEvent_hltTriggerSummaryAOD__HLT. 31073.4 11209
triggerTriggerEvent_hltTriggerSummaryAOD__HLT2. 26759.6 8883.28
EcalRecHitsSorted_hltEcalRecHit_EcalRecHitsEE_HLT2. 21111.4 5913.41
EcalRecHitsSorted_reducedEcalRecHitsEE__RECO. 10989.4 5501.45
SiPixelRecHitedmNewDetSetVector_hltSiPixelRecHitsRegForBTag__HLT2. 28091.7 4425.93
HBHERecHitsSorted_reducedHcalRecHits_hbhereco_RECO. 9099.67 4197.71
CSCDetIdCSCRecHit2DsOwnedRangeMap_hltCsc2DRecHits__HLT2. 9264.47 4091.45
CSCDetIdCSCRecHit2DsOwnedRangeMap_csc2DRecHits__RECO. 9263.6 4088.15
EventProductProvenance 5365.32 3972.35
HFRecHitsSorted_reducedHcalRecHits_hfreco_RECO. 8732.73 3891.15
EcalRecHitsSorted_reducedEcalRecHitsEB__RECO. 7373.6 3534.4
recoVertexs_offlinePrimaryVertices__RECO. 14472.7 2461.26
recoVertexs_offlinePrimaryVerticesWithBS__RECO. 14486.2 2447.15
recoCaloClusters_hltParticleFlowSuperClusterECALUnseeded_hltParticleFlowBasicClusterECALPreshower_HLT2. 5826.02 1595.85
recoCaloClusters_particleFlowSuperClusterECAL_particleFlowBasicClusterECALPreshower_RECO. 5875.55 1567.72
EcalRecHitsSorted_reducedEcalRecHitsES__RECO. 2927.63 1397.36
SiPixelRecHitedmNewDetSetVector_hltHISiPixelRecHits__HLT2. 4333.01 740.696
L1GlobalTriggerObjectMapRecord_hltL1GtObjectMap__HLT. 12596.3 656.383
recoSuperClusters_hltParticleFlowSuperClusterECALUnseeded_hltParticleFlowSuperClusterECALEndcapWithPreshower_HLT2. 1614.02 656.153
recoSuperClusters_particleFlowSuperClusterECAL_particleFlowSuperClusterECALEndcapWithPreshower_RECO. 1686.7 623.807
recoCaloClusters_hltParticleFlowSuperClusterECALUnseeded_hltParticleFlowBasicClusterECALEndcap_HLT2. 1180.69 544.095
recoCaloClusters_particleFlowSuperClusterECAL_particleFlowBasicClusterECALEndcap_RECO. 1218.81 533.74
L1GlobalTriggerObjectMapRecord_hltL1GtObjectMap__HLT2. 11635.5 497.984
recoCaloClusters_particleFlowSuperClusterECAL_particleFlowBasicClusterECALBarrel_RECO. 1241.04 495.227
recoCaloClusters_hltParticleFlowSuperClusterECALUnseeded_hltParticleFlowBasicClusterECALBarrel_HLT2. 1256.41 477.749
recoVertexsedmAssociation_offlinePrimaryVerticesWithBS__RECO. 1877.11 470.459
recoVertexsedmAssociation_offlinePrimaryVertices__RECO. 1875.37 468.915
DTLayerIdDTRecHit1DPairsOwnedRangeMap_hltDt1DRecHits__HLT2. 2815.77 417.542
DTLayerIdDTRecHit1DPairsOwnedRangeMap_dt1DRecHits__RECO. 2814.79 416.552
recoSuperClusters_hltParticleFlowSuperClusterECALUnseeded_hltParticleFlowSuperClusterECALBarrel_HLT2. 1228.46 409.1
recoSuperClusters_particleFlowSuperClusterECAL_particleFlowSuperClusterECALBarrel_RECO. 1190.75 406.249
DTLayerIdDTRecHit1DPairsOwnedRangeMap_dt1DCosmicRecHits__RECO. 2700.14 396.509
RPCDetIdRPCRecHitsOwnedRangeMap_hltRpcRecHits__HLT2. 961.099 271.154
RPCDetIdRPCRecHitsOwnedRangeMap_rpcRecHits__RECO. 960.105 270.179
recoCaloClusteredmPtredmValueMap_hltParticleFlowSuperClusterECALUnseeded_PFClusterAssociationES_HLT2. 736.914 245.76
recoCaloClusteredmPtredmValueMap_particleFlowSuperClusterECAL_PFClusterAssociationES_RECO. 740.92 243.251
EcalRecHitsSorted_hltAlCaPi0RecHitsFilterEBonlyRegional_pi0EcalRecHitsEB_HLT2. 439.273 198.856
intedmValueMap_offlinePrimaryVerticesWithBS__RECO. 1855.87 189.678
intedmValueMap_offlinePrimaryVertices__RECO. 1854.13 188.014
EcalRecHitsSorted_hltAlCaPi0RecHitsFilterEEonlyRegional_pi0EcalRecHitsES_HLT2. 255.255 163.071
EcalRecHitsSorted_hltAlCaEtaRecHitsFilterEBonlyRegional_etaEcalRecHitsEB_HLT2. 383.387 156.794
edmTriggerResults_TriggerResults__HLT2. 1095.93 156.687
edmTriggerResults_TriggerResults__HLT. 863.637 154.937
floatedmValueMap_offlinePrimaryVerticesWithBS__RECO. 172.999 143.019
floatedmValueMap_offlinePrimaryVertices__RECO. 171.004 141.038
recoGenParticles_genParticles__HLT. 409.776 108.384
recoCaloClusteredmPtredmValueMap_particleFlowSuperClusterECAL_PFClusterAssociationEBEE_RECO. 234.866 96.4313
recoCaloClusteredmPtredmValueMap_hltParticleFlowSuperClusterECALUnseeded_PFClusterAssociationEBEE_HLT2. 221.638 96.3585
EcalRecHitsSorted_hltAlCaPi0RecHitsFilterEEonlyRegional_pi0EcalRecHitsEE_HLT2. 131.417 84.3481
EcalRecHitsSorted_hltAlCaEtaRecHitsFilterEEonlyRegional_etaEcalRecHitsES_HLT2. 107.955 80.2536
EcalRecHitsSorted_hltAlCaEtaRecHitsFilterEEonlyRegional_etaEcalRecHitsEE_HLT2. 105.836 71.7889
recoCaloClusteredmPtredmValueMap_hltParticleFlowSuperClusterECALL1Seeded_PFClusterAssociationEBEE_HLT2. 125.606 71.1777
recoCaloClusteredmPtredmValueMap_hltParticleFlowSuperClusterECALL1Seeded_PFClusterAssociationES_HLT2. 111.024 69.7382
recoSuperClusters_hltParticleFlowSuperClusterECALL1Seeded_hltParticleFlowSuperClusterECALEndcapWithPreshower_HLT2. 78.778 69.4923
recoCaloClusters_hltParticleFlowSuperClusterECALL1Seeded_hltParticleFlowBasicClusterECALPreshower_HLT2. 75.5737 66.0023
recoSuperClusters_hltParticleFlowSuperClusterECALL1Seeded_hltParticleFlowSuperClusterECALBarrel_HLT2. 74.9932 65.4218
recoCaloClusters_hltParticleFlowSuperClusterECALL1Seeded_hltParticleFlowBasicClusterECALBarrel_HLT2. 74.7003 65.1288
recoCaloClusters_hltParticleFlowSuperClusterECALL1Seeded_hltParticleFlowBasicClusterECALEndcap_HLT2. 74.7003 65.1288
edmTriggerResults_TriggerResults__RECO. 123.928 56.4995
SiPixelRecHitedmNewDetSetVector_hltSiPixelRecHitsReg__HLT2. 90.7816 55.2102
edmTriggerResults_TriggerResults__SIM. 117.637 55.2084
HORecHitsSorted_reducedHcalRecHits_horeco_RECO. 65.344 50.6297
double_fixedGridRhoFastjetAllCalo__RECO. 48.0529 48.0529
double_fixedGridRhoFastjetAll__RECO. 46.8883 46.8879
ints_genParticles__HLT. 58.2572 43.2572
EventAuxiliary 149.008 41.8061
EventSelections 106.153 31.7143
BranchListIndexes 38.4421 20.8571

